<?xml version="1.0" encoding="UTF-8"?>
<!-- Generated by org.testng.reporters.JUnitReportReporter -->
<testsuite hostname="TGVHP60" name="com.qualitystream.testng.TestNGDataProviderExample" tests="2" failures="0" timestamp="4 Dec 2021 14:36:58 GMT" time="343.524" errors="0">
  <testcase name="login" time="294.126" classname="com.qualitystream.testng.TestNGDataProviderExample"/>
  <testcase name="login" time="49.398" classname="com.qualitystream.testng.TestNGDataProviderExample"/>
</testsuite> <!-- com.qualitystream.testng.TestNGDataProviderExample -->
